Installed Packages
ModemManager.x86_64                         1.10.8-2.el8                        @anaconda  
ModemManager-glib.x86_64                    1.10.8-2.el8                        @anaconda  
NetworkManager.x86_64                       1:1.30.0-13.el8_4                   @BaseOS    
NetworkManager-adsl.x86_64                  1:1.30.0-13.el8_4                   @BaseOS    
NetworkManager-config-server.noarch         1:1.30.0-13.el8_4                   @BaseOS    
NetworkManager-libnm.x86_64                 1:1.30.0-13.el8_4                   @BaseOS    
NetworkManager-team.x86_64                  1:1.30.0-13.el8_4                   @BaseOS    
NetworkManager-tui.x86_64                   1:1.30.0-13.el8_4                   @BaseOS    
PackageKit.x86_64                           1.1.12-6.el8                        @AppStream 
PackageKit-glib.x86_64                      1.1.12-6.el8                        @AppStream 
abattis-cantarell-fonts.noarch              0.0.25-6.el8                        @AppStream 
acl.x86_64                                  2.2.53-1.el8                        @anaconda  
adcli.x86_64                                0.8.2-9.el8                         @BaseOS    
adobe-mappings-cmap.noarch                  20171205-3.el8                      @appstream 
adobe-mappings-cmap-deprecated.noarch       20171205-3.el8                      @appstream 
adobe-mappings-pdf.noarch                   20180407-1.el8                      @appstream 
annobin.x86_64                              9.50-1.el8                          @appstream 
asciidoc.noarch                             8.6.10-0.5.20180627gitf7c2274.el8   @appstream 
at.x86_64                                   3.1.20-11.el8                       @anaconda  
atk.x86_64                                  2.28.1-1.el8                        @appstream 
attr.x86_64                                 2.4.48-3.el8                        @anaconda  
audit.x86_64                                3.0-0.17.20191104git1c2f876.el8     @anaconda  
audit-libs.x86_64                           3.0-0.17.20191104git1c2f876.el8     @anaconda  
authselect.x86_64                           1.2.2-2.el8                         @BaseOS    
authselect-libs.x86_64                      1.2.2-2.el8                         @BaseOS    
autoconf.noarch                             2.69-27.el8                         @appstream 
autofs.x86_64                               1:5.1.4-48.el8_4.1                  @BaseOS    
automake.noarch                             1.16.1-7.el8                        @appstream 
avahi.x86_64                                0.7-20.el8                          @BaseOS    
avahi-libs.x86_64                           0.7-20.el8                          @BaseOS    
basesystem.noarch                           11-5.el8                            @anaconda  
bash.x86_64                                 4.4.20-1.el8_4                      @BaseOS    
bash-completion.noarch                      1:2.7-5.el8                         @anaconda  
bc.x86_64                                   1.07.1-5.el8                        @anaconda  
bind-export-libs.x86_64                     32:9.11.26-4.el8_4                  @BaseOS    
bind-libs.x86_64                            32:9.11.26-4.el8_4                  @AppStream 
bind-libs-lite.x86_64                       32:9.11.26-4.el8_4                  @AppStream 
bind-license.noarch                         32:9.11.26-4.el8_4                  @AppStream 
bind-utils.x86_64                           32:9.11.26-4.el8_4                  @AppStream 
binutils.x86_64                             2.30-93.el8                         @BaseOS    
biosdevname.x86_64                          0.7.3-2.el8                         @anaconda  
bison.x86_64                                3.0.4-10.el8                        @appstream 
blktrace.x86_64                             1.2.0-10.el8                        @anaconda  
bolt.x86_64                                 0.9.1-1.el8                         @BaseOS    
boost.x86_64                                1.66.0-10.el8                       @appstream 
boost-atomic.x86_64                         1.66.0-10.el8                       @appstream 
boost-chrono.x86_64                         1.66.0-10.el8                       @appstream 
boost-container.x86_64                      1.66.0-10.el8                       @appstream 
boost-context.x86_64                        1.66.0-10.el8                       @appstream 
boost-coroutine.x86_64                      1.66.0-10.el8                       @appstream 
boost-date-time.x86_64                      1.66.0-10.el8                       @appstream 
boost-devel.x86_64                          1.66.0-10.el8                       @appstream 
boost-fiber.x86_64                          1.66.0-10.el8                       @appstream 
boost-filesystem.x86_64                     1.66.0-10.el8                       @appstream 
boost-graph.x86_64                          1.66.0-10.el8                       @appstream 
boost-iostreams.x86_64                      1.66.0-10.el8                       @appstream 
boost-locale.x86_64                         1.66.0-10.el8                       @appstream 
boost-log.x86_64                            1.66.0-10.el8                       @appstream 
boost-math.x86_64                           1.66.0-10.el8                       @appstream 
boost-program-options.x86_64                1.66.0-10.el8                       @appstream 
boost-random.x86_64                         1.66.0-10.el8                       @appstream 
boost-regex.x86_64                          1.66.0-10.el8                       @appstream 
boost-serialization.x86_64                  1.66.0-10.el8                       @appstream 
boost-signals.x86_64                        1.66.0-10.el8                       @appstream 
boost-stacktrace.x86_64                     1.66.0-10.el8                       @appstream 
boost-system.x86_64                         1.66.0-10.el8                       @appstream 
boost-test.x86_64                           1.66.0-10.el8                       @appstream 
boost-thread.x86_64                         1.66.0-10.el8                       @appstream 
boost-timer.x86_64                          1.66.0-10.el8                       @appstream 
boost-type_erasure.x86_64                   1.66.0-10.el8                       @appstream 
boost-wave.x86_64                           1.66.0-10.el8                       @appstream 
bpftool.x86_64                              4.18.0-305.25.1.el8_4               @BaseOS    
brotli.x86_64                               1.0.6-3.el8                         @BaseOS    
byacc.x86_64                                1.9.20170709-4.el8                  @appstream 
bzip2.x86_64                                1.0.6-26.el8                        @anaconda  
bzip2-libs.x86_64                           1.0.6-26.el8                        @anaconda  
c-ares.x86_64                               1.13.0-5.el8                        @anaconda  
ca-certificates.noarch                      2021.2.50-80.0.el8_4                @BaseOS    
cairo.x86_64                                1.15.12-3.el8                       @AppStream 
cairo-gobject.x86_64                        1.15.12-3.el8                       @AppStream 
centos-gpg-keys.noarch                      1:8-3.el8                           @BaseOS    
centos-linux-release.noarch                 8.4-1.2105.el8                      @BaseOS    
centos-linux-repos.noarch                   8-3.el8                             @BaseOS    
centos-logos.x86_64                         85.8-1.el8                          @BaseOS    
checkpolicy.x86_64                          2.9-1.el8                           @BaseOS    
chkconfig.x86_64                            1.13-2.el8                          @BaseOS    
chrony.x86_64                               3.5-2.el8                           @BaseOS    
cifs-utils.x86_64                           6.8-3.el8                           @anaconda  
cockpit.x86_64                              238.2-1.el8                         @BaseOS    
cockpit-bridge.x86_64                       238.2-1.el8                         @BaseOS    
cockpit-packagekit.noarch                   238.2-1.el8                         @AppStream 
cockpit-system.noarch                       238.2-1.el8                         @BaseOS    
cockpit-ws.x86_64                           238.2-1.el8                         @BaseOS    
copy-jdk-configs.noarch                     3.7-4.el8                           @appstream 
coreutils.x86_64                            8.30-8.el8                          @BaseOS    
coreutils-common.x86_64                     8.30-8.el8                          @BaseOS    
cpio.x86_64                                 2.12-10.el8                         @BaseOS    
cpp.x86_64                                  8.4.1-1.el8                         @appstream 
cracklib.x86_64                             2.9.6-15.el8                        @anaconda  
cracklib-dicts.x86_64                       2.9.6-15.el8                        @anaconda  
createrepo_c.x86_64                         0.16.2-2.el8                        @appstream 
createrepo_c-libs.x86_64                    0.16.2-2.el8                        @appstream 
cronie.x86_64                               1.5.2-4.el8                         @anaconda  
cronie-anacron.x86_64                       1.5.2-4.el8                         @anaconda  
crontabs.noarch                             1.11-17.20190603git.el8             @BaseOS    
crypto-policies.noarch                      20210209-1.gitbfb6bed.el8_3         @BaseOS    
crypto-policies-scripts.noarch              20210209-1.gitbfb6bed.el8_3         @BaseOS    
cryptsetup.x86_64                           2.3.3-4.el8                         @BaseOS    
cryptsetup-libs.x86_64                      2.3.3-4.el8                         @BaseOS    
ctags.x86_64                                5.8-22.el8                          @appstream 
cups-libs.x86_64                            1:2.2.6-38.el8                      @BaseOS    
curl.x86_64                                 7.61.1-18.el8_4.2                   @BaseOS    
cyrus-sasl-gssapi.x86_64                    2.1.27-5.el8                        @BaseOS    
cyrus-sasl-lib.x86_64                       2.1.27-5.el8                        @BaseOS    
cyrus-sasl-plain.x86_64                     2.1.27-5.el8                        @BaseOS    
dbus.x86_64                                 1:1.12.8-12.el8_4.2                 @BaseOS    
dbus-common.noarch                          1:1.12.8-12.el8_4.2                 @BaseOS    
dbus-daemon.x86_64                          1:1.12.8-12.el8_4.2                 @BaseOS    
dbus-glib.x86_64                            0.110-2.el8                         @anaconda  
dbus-libs.x86_64                            1:1.12.8-12.el8_4.2                 @BaseOS    
dbus-tools.x86_64                           1:1.12.8-12.el8_4.2                 @BaseOS    
dejavu-fonts-common.noarch                  2.35-7.el8                          @BaseOS    
dejavu-sans-mono-fonts.noarch               2.35-7.el8                          @BaseOS    
device-mapper.x86_64                        8:1.02.175-5.el8                    @BaseOS    
device-mapper-event.x86_64                  8:1.02.175-5.el8                    @BaseOS    
device-mapper-event-libs.x86_64             8:1.02.175-5.el8                    @BaseOS    
device-mapper-libs.x86_64                   8:1.02.175-5.el8                    @BaseOS    
device-mapper-multipath.x86_64              0.8.4-10.el8                        @BaseOS    
device-mapper-multipath-libs.x86_64         0.8.4-10.el8                        @BaseOS    
device-mapper-persistent-data.x86_64        0.8.5-4.el8                         @BaseOS    
dhcp-client.x86_64                          12:4.3.6-44.0.1.el8                 @BaseOS    
dhcp-common.noarch                          12:4.3.6-44.0.1.el8                 @BaseOS    
dhcp-libs.x86_64                            12:4.3.6-44.0.1.el8                 @BaseOS    
diffstat.x86_64                             1.61-7.el8                          @appstream 
diffutils.x86_64                            3.6-6.el8                           @anaconda  
dmidecode.x86_64                            1:3.2-8.el8                         @BaseOS    
dnf.noarch                                  4.4.2-11.el8                        @BaseOS    
dnf-data.noarch                             4.4.2-11.el8                        @BaseOS    
dnf-plugins-core.noarch                     4.0.18-4.el8                        @BaseOS    
docbook-dtds.noarch                         1.0-69.el8                          @appstream 
docbook-style-xsl.noarch                    1.79.2-9.el8                        @appstream 
dos2unix.x86_64                             7.4.0-3.el8                         @anaconda  
dosfstools.x86_64                           4.1-6.el8                           @anaconda  
dracut.x86_64                               049-135.git20210121.el8             @BaseOS    
dracut-config-rescue.x86_64                 049-135.git20210121.el8             @BaseOS    
dracut-network.x86_64                       049-135.git20210121.el8             @BaseOS    
dracut-squash.x86_64                        049-135.git20210121.el8             @BaseOS    
drpm.x86_64                                 0.4.1-3.el8                         @appstream 
dwz.x86_64                                  0.12-9.el8                          @appstream 
dyninst.x86_64                              10.2.1-2.el8                        @appstream 
e2fsprogs.x86_64                            1.45.6-1.el8                        @BaseOS    
e2fsprogs-libs.x86_64                       1.45.6-1.el8                        @BaseOS    
ed.x86_64                                   1.14.2-4.el8                        @anaconda  
efi-srpm-macros.noarch                      3-3.el8                             @appstream 
efivar-libs.x86_64                          37-4.el8                            @baseos    
elfutils.x86_64                             0.182-3.el8                         @BaseOS    
elfutils-debuginfod-client.x86_64           0.182-3.el8                         @BaseOS    
elfutils-default-yama-scope.noarch          0.182-3.el8                         @BaseOS    
elfutils-libelf.x86_64                      0.182-3.el8                         @BaseOS    
elfutils-libelf-devel.x86_64                0.182-3.el8                         @baseos    
elfutils-libs.x86_64                        0.182-3.el8                         @BaseOS    
elinks.x86_64                               0.12-0.58.pre6.el8                  @PowerTools
emacs-filesystem.noarch                     1:26.1-5.el8                        @baseos    
ethtool.x86_64                              2:5.8-5.el8                         @BaseOS    
expat.x86_64                                2.2.5-4.el8                         @BaseOS    
fcoe-utils.x86_64                           1.0.33-3.git848bcc6.el8             @BaseOS    
file.x86_64                                 5.33-16.el8_3.1                     @BaseOS    
file-libs.x86_64                            5.33-16.el8_3.1                     @BaseOS    
filesystem.x86_64                           3.8-3.el8                           @BaseOS    
findutils.x86_64                            1:4.6.0-20.el8                      @anaconda  
fipscheck.x86_64                            1.5.0-4.el8                         @anaconda  
fipscheck-lib.x86_64                        1.5.0-4.el8                         @anaconda  
firewalld.noarch                            0.8.2-7.el8_4                       @BaseOS    
firewalld-filesystem.noarch                 0.8.2-7.el8_4                       @BaseOS    
flex.x86_64                                 2.6.1-9.el8                         @appstream 
fontconfig.x86_64                           2.13.1-3.el8                        @BaseOS    
fontpackages-filesystem.noarch              1.44-22.el8                         @BaseOS    
freetype.x86_64                             2.9.1-4.el8_3.1                     @BaseOS    
fribidi.x86_64                              1.0.4-8.el8                         @appstream 
fstrm.x86_64                                0.6.0-3.el8.1                       @AppStream 
fuse-libs.x86_64                            2.9.7-12.el8                        @anaconda  
gawk.x86_64                                 4.2.1-2.el8                         @BaseOS    
gc.x86_64                                   7.6.4-3.el8                         @appstream 
gcc.x86_64                                  8.4.1-1.el8                         @appstream 
gcc-c++.x86_64                              8.4.1-1.el8                         @appstream 
gcc-gdb-plugin.x86_64                       8.4.1-1.el8                         @appstream 
gd.x86_64                                   2.2.5-7.el8                         @appstream 
gdb.x86_64                                  8.2-15.el8                          @appstream 
gdb-headless.x86_64                         8.2-15.el8                          @appstream 
gdbm.x86_64                                 1:1.18-1.el8                        @anaconda  
gdbm-libs.x86_64                            1:1.18-1.el8                        @anaconda  
gdk-pixbuf2.x86_64                          2.36.12-5.el8                       @BaseOS    
gdk-pixbuf2-modules.x86_64                  2.36.12-5.el8                       @appstream 
geolite2-city.noarch                        20180605-1.el8                      @AppStream 
geolite2-country.noarch                     20180605-1.el8                      @AppStream 
gettext.x86_64                              0.19.8.1-17.el8                     @anaconda  
gettext-common-devel.noarch                 0.19.8.1-17.el8                     @baseos    
gettext-devel.x86_64                        0.19.8.1-17.el8                     @baseos    
gettext-libs.x86_64                         0.19.8.1-17.el8                     @anaconda  
ghc-srpm-macros.noarch                      1.4.2-7.el8                         @appstream 
git.x86_64                                  2.27.0-1.el8                        @appstream 
git-core.x86_64                             2.27.0-1.el8                        @appstream 
git-core-doc.noarch                         2.27.0-1.el8                        @appstream 
glib-networking.x86_64                      2.56.1-1.1.el8                      @anaconda  
glib2.x86_64                                2.56.4-10.el8_4.1                   @BaseOS    
glibc.x86_64                                2.28-151.el8                        @BaseOS    
glibc-all-langpacks.x86_64                  2.28-151.el8                        @BaseOS    
glibc-common.x86_64                         2.28-151.el8                        @BaseOS    
glibc-devel.x86_64                          2.28-151.el8                        @baseos    
glibc-headers.x86_64                        2.28-151.el8                        @baseos    
glibc-langpack-ru.x86_64                    2.28-151.el8                        @BaseOS    
glusterfs.x86_64                            6.0-49.1.el8                        @BaseOS    
glusterfs-client-xlators.x86_64             6.0-49.1.el8                        @BaseOS    
glusterfs-fuse.x86_64                       6.0-49.1.el8                        @BaseOS    
glusterfs-libs.x86_64                       6.0-49.1.el8                        @BaseOS    
gmp.x86_64                                  1:6.1.2-10.el8                      @anaconda  
gnupg2.x86_64                               2.2.20-2.el8                        @BaseOS    
gnupg2-smime.x86_64                         2.2.20-2.el8                        @BaseOS    
gnutls.x86_64                               3.6.14-8.el8_3                      @BaseOS    
go-srpm-macros.noarch                       2-17.el8                            @appstream 
gobject-introspection.x86_64                1.56.1-1.el8                        @anaconda  
google-droid-sans-fonts.noarch              20120715-13.el8                     @appstream 
gpgme.x86_64                                1.13.1-7.el8                        @BaseOS    
gpm-libs.x86_64                             1.20.7-17.el8                       @AppStream 
graphite2.x86_64                            1.3.10-10.el8                       @appstream 
graphviz.x86_64                             2.40.1-40.el8                       @appstream 
grep.x86_64                                 3.1-6.el8                           @anaconda  
groff-base.x86_64                           1.22.3-18.el8                       @anaconda  
grub2-common.noarch                         1:2.02-99.el8_4.1                   @BaseOS    
grub2-pc.x86_64                             1:2.02-99.el8_4.1                   @BaseOS    
grub2-pc-modules.noarch                     1:2.02-99.el8_4.1                   @BaseOS    
grub2-tools.x86_64                          1:2.02-99.el8_4.1                   @BaseOS    
grub2-tools-efi.x86_64                      1:2.02-99.el8_4.1                   @BaseOS    
grub2-tools-extra.x86_64                    1:2.02-99.el8_4.1                   @BaseOS    
grub2-tools-minimal.x86_64                  1:2.02-99.el8_4.1                   @BaseOS    
grubby.x86_64                               8.40-41.el8                         @BaseOS    
gsettings-desktop-schemas.x86_64            3.32.0-5.el8                        @BaseOS    
gssproxy.x86_64                             0.8.0-19.el8                        @BaseOS    
gtk-update-icon-cache.x86_64                3.22.30-6.el8                       @appstream 
gtk2.x86_64                                 2.24.32-5.el8                       @appstream 
guile.x86_64                                5:2.0.14-7.el8                      @appstream 
gzip.x86_64                                 1.9-12.el8                          @BaseOS    
hardlink.x86_64                             1:1.3-6.el8                         @anaconda  
harfbuzz.x86_64                             1.7.5-3.el8                         @appstream 
hdparm.x86_64                               9.54-3.el8                          @BaseOS    
hicolor-icon-theme.noarch                   0.17-2.el8                          @appstream 
hostname.x86_64                             3.20-6.el8                          @anaconda  
hwdata.noarch                               0.314-8.8.el8                       @BaseOS    
ima-evm-utils.x86_64                        1.3.2-12.el8                        @BaseOS    
info.x86_64                                 6.5-6.el8                           @anaconda  
initscripts.x86_64                          10.00.15-1.el8                      @BaseOS    
intltool.noarch                             0.51.0-11.el8                       @appstream 
iotop.noarch                                0.6-16.el8                          @anaconda  
ipcalc.x86_64                               0.2.4-4.el8                         @anaconda  
iproute.x86_64                              5.9.0-4.el8                         @BaseOS    
iprutils.x86_64                             2.4.19-1.el8                        @BaseOS    
ipset.x86_64                                7.1-1.el8                           @anaconda  
ipset-libs.x86_64                           7.1-1.el8                           @anaconda  
iptables.x86_64                             1.8.4-17.el8_4.1                    @BaseOS    
iptables-ebtables.x86_64                    1.8.4-17.el8_4.1                    @BaseOS    
iptables-libs.x86_64                        1.8.4-17.el8_4.1                    @BaseOS    
iptstate.x86_64                             2.2.6-6.el8                         @anaconda  
iputils.x86_64                              20180629-7.el8                      @BaseOS    
irqbalance.x86_64                           2:1.4.0-6.el8                       @BaseOS    
iscsi-initiator-utils.x86_64                6.2.1.2-1.gita8fcb37.el8            @BaseOS    
iscsi-initiator-utils-iscsiuio.x86_64       6.2.1.2-1.gita8fcb37.el8            @BaseOS    
isl.x86_64                                  0.16.1-6.el8                        @appstream 
isns-utils-libs.x86_64                      0.99-1.el8                          @anaconda  
iwl100-firmware.noarch                      39.31.5.1-102.el8.1                 @BaseOS    
iwl1000-firmware.noarch                     1:39.31.5.1-102.el8.1               @BaseOS    
iwl105-firmware.noarch                      18.168.6.1-102.el8.1                @BaseOS    
iwl135-firmware.noarch                      18.168.6.1-102.el8.1                @BaseOS    
iwl2000-firmware.noarch                     18.168.6.1-102.el8.1                @BaseOS    
iwl2030-firmware.noarch                     18.168.6.1-102.el8.1                @BaseOS    
iwl3160-firmware.noarch                     1:25.30.13.0-102.el8.1              @BaseOS    
iwl3945-firmware.noarch                     15.32.2.9-102.el8.1                 @BaseOS    
iwl4965-firmware.noarch                     228.61.2.24-102.el8.1               @BaseOS    
iwl5000-firmware.noarch                     8.83.5.1_1-102.el8.1                @BaseOS    
iwl5150-firmware.noarch                     8.24.2.2-102.el8.1                  @BaseOS    
iwl6000-firmware.noarch                     9.221.4.1-102.el8.1                 @BaseOS    
iwl6000g2a-firmware.noarch                  18.168.6.1-102.el8.1                @BaseOS    
iwl6000g2b-firmware.noarch                  18.168.6.1-102.el8.1                @BaseOS    
iwl6050-firmware.noarch                     41.28.5.1-102.el8.1                 @BaseOS    
iwl7260-firmware.noarch                     1:25.30.13.0-102.el8.1              @BaseOS    
jansson.x86_64                              2.11-3.el8                          @anaconda  
jasper-libs.x86_64                          2.0.14-4.el8                        @appstream 
java-1.8.0-openjdk-headless.x86_64          1:1.8.0.312.b07-1.el8_4             @appstream 
javapackages-filesystem.noarch              5.3.0-1.module_el8.0.0+11+5b8c10bd  @appstream 
jbig2dec-libs.x86_64                        0.16-1.el8                          @appstream 
jbigkit-libs.x86_64                         2.1-14.el8                          @appstream 
jimtcl.x86_64                               0.77-6.el8                          @BaseOS    
jna.x86_64                                  4.5.1-5.el8                         @appstream 
json-c.x86_64                               0.13.1-0.4.el8                      @BaseOS    
json-glib.x86_64                            1.4.4-1.el8                         @anaconda  
kbd.x86_64                                  2.0.4-10.el8                        @BaseOS    
kbd-legacy.noarch                           2.0.4-10.el8                        @BaseOS    
kbd-misc.noarch                             2.0.4-10.el8                        @BaseOS    
kernel.x86_64                               4.18.0-193.el8                      @anaconda  
kernel.x86_64                               4.18.0-305.25.1.el8_4               @BaseOS    
kernel-core.x86_64                          4.18.0-193.el8                      @anaconda  
kernel-core.x86_64                          4.18.0-305.25.1.el8_4               @BaseOS    
kernel-devel.x86_64                         4.18.0-305.25.1.el8_4               @baseos    
kernel-headers.x86_64                       4.18.0-305.25.1.el8_4               @baseos    
kernel-modules.x86_64                       4.18.0-193.el8                      @anaconda  
kernel-modules.x86_64                       4.18.0-305.25.1.el8_4               @BaseOS    
kernel-tools.x86_64                         4.18.0-305.25.1.el8_4               @BaseOS    
kernel-tools-libs.x86_64                    4.18.0-305.25.1.el8_4               @BaseOS    
kexec-tools.x86_64                          2.0.20-46.el8_4.2                   @BaseOS    
keyutils.x86_64                             1.5.10-6.el8                        @anaconda  
keyutils-libs.x86_64                        1.5.10-6.el8                        @anaconda  
kmod.x86_64                                 25-17.el8                           @BaseOS    
kmod-kvdo.x86_64                            6.2.4.26-77.el8                     @BaseOS    
kmod-libs.x86_64                            25-17.el8                           @BaseOS    
kpartx.x86_64                               0.8.4-10.el8                        @BaseOS    
kpatch.noarch                               0.9.2-3.el8                         @BaseOS    
kpatch-dnf.noarch                           0.2-3.el8                           @BaseOS    
krb5-libs.x86_64                            1.18.2-8.3.el8_4                    @BaseOS    
lcms2.x86_64                                2.9-2.el8                           @appstream 
ledmon.x86_64                               0.95-1.el8                          @BaseOS    
less.x86_64                                 530-1.el8                           @anaconda  
libICE.x86_64                               1.0.9-15.el8                        @appstream 
libSM.x86_64                                1.2.3-1.el8                         @appstream 
libX11.x86_64                               1.6.8-4.el8                         @AppStream 
libX11-common.noarch                        1.6.8-4.el8                         @AppStream 
libXau.x86_64                               1.0.9-3.el8                         @AppStream 
libXaw.x86_64                               1.0.13-10.el8                       @appstream 
libXcomposite.x86_64                        0.4.4-14.el8                        @appstream 
libXcursor.x86_64                           1.1.15-3.el8                        @appstream 
libXdamage.x86_64                           1.1.4-14.el8                        @appstream 
libXext.x86_64                              1.3.4-1.el8                         @AppStream 
libXfixes.x86_64                            5.0.3-7.el8                         @appstream 
libXft.x86_64                               2.3.3-1.el8                         @appstream 
libXi.x86_64                                1.7.10-1.el8                        @appstream 
libXinerama.x86_64                          1.1.4-1.el8                         @appstream 
libXmu.x86_64                               1.1.3-1.el8                         @appstream 
libXpm.x86_64                               3.5.12-8.el8                        @appstream 
libXrandr.x86_64                            1.5.2-1.el8                         @appstream 
libXrender.x86_64                           0.9.10-7.el8                        @AppStream 
libXt.x86_64                                1.1.5-12.el8                        @appstream 
libXxf86misc.x86_64                         1.0.4-1.el8                         @appstream 
libXxf86vm.x86_64                           1.1.4-9.el8                         @appstream 
libacl.x86_64                               2.2.53-1.el8                        @anaconda  
libaio.x86_64                               0.3.112-1.el8                       @anaconda  
libappstream-glib.x86_64                    0.7.14-3.el8                        @BaseOS    
libarchive.x86_64                           3.3.3-1.el8                         @BaseOS    
libassuan.x86_64                            2.5.1-3.el8                         @anaconda  
libatomic_ops.x86_64                        7.6.2-3.el8                         @appstream 
libattr.x86_64                              2.4.48-3.el8                        @anaconda  
libbabeltrace.x86_64                        1.5.4-3.el8                         @BaseOS    
libbasicobjects.x86_64                      0.1.1-39.el8                        @anaconda  
libblkid.x86_64                             2.32.1-27.el8                       @BaseOS    
libbpf.x86_64                               0.2.0-1.el8                         @BaseOS    
libcap.x86_64                               2.26-4.el8                          @BaseOS    
libcap-ng.x86_64                            0.7.9-5.el8                         @anaconda  
libcollection.x86_64                        0.7.0-39.el8                        @anaconda  
libcom_err.x86_64                           1.45.6-1.el8                        @BaseOS    
libcomps.x86_64                             0.1.11-5.el8                        @BaseOS    
libconfig.x86_64                            1.5-9.el8                           @anaconda  
libcroco.x86_64                             0.6.12-4.el8_2.1                    @BaseOS    
libcurl.x86_64                              7.61.1-18.el8_4.2                   @BaseOS    
libdaemon.x86_64                            0.14-15.el8                         @anaconda  
libdatrie.x86_64                            0.2.9-7.el8                         @appstream 
libdb.x86_64                                5.3.28-42.el8_4                     @BaseOS    
libdb-utils.x86_64                          5.3.28-42.el8_4                     @BaseOS    
libdhash.x86_64                             0.5.0-39.el8                        @anaconda  
libdnf.x86_64                               0.55.0-7.el8                        @BaseOS    
libedit.x86_64                              3.1-23.20170329cvs.el8              @anaconda  
libertas-usb8388-firmware.noarch            2:20201218-102.git05789708.el8      @BaseOS    
libevent.x86_64                             2.1.8-5.el8                         @anaconda  
libfdisk.x86_64                             2.32.1-27.el8                       @BaseOS    
libffi.x86_64                               3.1-22.el8                          @BaseOS    
libfontenc.x86_64                           1.1.3-8.el8                         @appstream 
libgcc.x86_64                               8.4.1-1.el8                         @BaseOS    
libgcrypt.x86_64                            1.8.5-4.el8                         @BaseOS    
libgomp.x86_64                              8.4.1-1.el8                         @BaseOS    
libgpg-error.x86_64                         1.31-1.el8                          @anaconda  
libgs.x86_64                                9.27-1.el8                          @appstream 
libgudev.x86_64                             232-4.el8                           @anaconda  
libibverbs.x86_64                           32.0-4.el8                          @BaseOS    
libicu.x86_64                               60.3-2.el8_1                        @BaseOS    
libicu-devel.x86_64                         60.3-2.el8_1                        @baseos    
libidn.x86_64                               1.34-5.el8                          @appstream 
libidn2.x86_64                              2.2.0-1.el8                         @anaconda  
libijs.x86_64                               0.35-5.el8                          @appstream 
libini_config.x86_64                        1.3.1-39.el8                        @anaconda  
libipa_hbac.x86_64                          2.4.0-9.el8_4.2                     @BaseOS    
libipt.x86_64                               1.6.1-8.el8                         @appstream 
libjpeg-turbo.x86_64                        1.5.3-10.el8                        @appstream 
libkcapi.x86_64                             1.2.0-2.el8                         @BaseOS    
libkcapi-hmaccalc.x86_64                    1.2.0-2.el8                         @BaseOS    
libksba.x86_64                              1.3.5-7.el8                         @anaconda  
libldb.x86_64                               2.2.0-2.el8                         @BaseOS    
libmaxminddb.x86_64                         1.2.0-10.el8                        @AppStream 
libmbim.x86_64                              1.20.2-1.el8                        @anaconda  
libmbim-utils.x86_64                        1.20.2-1.el8                        @anaconda  
libmcpp.x86_64                              2.7.2-20.el8                        @appstream 
libmetalink.x86_64                          0.1.3-7.el8                         @anaconda  
libmnl.x86_64                               1.0.4-6.el8                         @anaconda  
libmodman.x86_64                            2.0.1-17.el8                        @anaconda  
libmodulemd.x86_64                          2.9.4-2.el8                         @BaseOS    
libmodulemd1.x86_64                         1.8.16-0.2.9.4.2                    @BaseOS    
libmount.x86_64                             2.32.1-27.el8                       @BaseOS    
libmpc.x86_64                               1.1.0-9.1.el8                       @appstream 
libndp.x86_64                               1.7-5.el8                           @BaseOS    
libnetfilter_conntrack.x86_64               1.0.6-5.el8                         @anaconda  
libnfnetlink.x86_64                         1.0.1-13.el8                        @anaconda  
libnfsidmap.x86_64                          1:2.3.3-41.el8_4.3                  @BaseOS    
libnftnl.x86_64                             1.1.5-4.el8                         @anaconda  
libnghttp2.x86_64                           1.33.0-3.el8_2.1                    @BaseOS    
libnl3.x86_64                               3.5.0-1.el8                         @anaconda  
libnl3-cli.x86_64                           3.5.0-1.el8                         @anaconda  
libnsl2.x86_64                              1.2.0-2.20180605git4a062cf.el8      @anaconda  
libpaper.x86_64                             1.1.24-22.el8                       @appstream 
libpath_utils.x86_64                        0.2.1-39.el8                        @anaconda  
libpcap.x86_64                              14:1.9.1-5.el8                      @BaseOS    
libpciaccess.x86_64                         0.14-1.el8                          @anaconda  
libpipeline.x86_64                          1.5.0-2.el8                         @anaconda  
libpkgconf.x86_64                           1.4.2-1.el8                         @anaconda  
libpng.x86_64                               2:1.6.34-5.el8                      @anaconda  
libproxy.x86_64                             0.4.15-5.2.el8                      @anaconda  
libpsl.x86_64                               0.20.2-6.el8                        @BaseOS    
libpwquality.x86_64                         1.4.4-3.el8                         @BaseOS    
libqmi.x86_64                               1.24.0-1.el8                        @anaconda  
libqmi-utils.x86_64                         1.24.0-1.el8                        @anaconda  
libquadmath.x86_64                          8.4.1-1.el8                         @baseos    
libquadmath-devel.x86_64                    8.4.1-1.el8                         @appstream 
libref_array.x86_64                         0.1.5-39.el8                        @anaconda  
librepo.x86_64                              1.12.0-3.el8                        @BaseOS    
libreport-filesystem.x86_64                 2.9.5-15.el8                        @BaseOS    
librsvg2.x86_64                             2.42.7-4.el8                        @appstream 
libseccomp.x86_64                           2.5.1-1.el8                         @BaseOS    
libsecret.x86_64                            0.18.6-1.el8                        @BaseOS    
libselinux.x86_64                           2.9-5.el8                           @BaseOS    
libselinux-utils.x86_64                     2.9-5.el8                           @BaseOS    
libsemanage.x86_64                          2.9-6.el8                           @BaseOS    
libsepol.x86_64                             2.9-2.el8                           @BaseOS    
libsigsegv.x86_64                           2.11-5.el8                          @anaconda  
libsmartcols.x86_64                         2.32.1-27.el8                       @BaseOS    
libsmbclient.x86_64                         4.13.3-5.el8_4                      @BaseOS    
libsolv.x86_64                              0.7.16-3.el8_4                      @BaseOS    
libsoup.x86_64                              2.62.3-2.el8                        @BaseOS    
libss.x86_64                                1.45.6-1.el8                        @BaseOS    
libssh.x86_64                               0.9.4-2.el8                         @BaseOS    
libssh-config.noarch                        0.9.4-2.el8                         @BaseOS    
libsss_autofs.x86_64                        2.4.0-9.el8_4.2                     @BaseOS    
libsss_certmap.x86_64                       2.4.0-9.el8_4.2                     @BaseOS    
libsss_idmap.x86_64                         2.4.0-9.el8_4.2                     @BaseOS    
libsss_nss_idmap.x86_64                     2.4.0-9.el8_4.2                     @BaseOS    
libsss_sudo.x86_64                          2.4.0-9.el8_4.2                     @BaseOS    
libstdc++.x86_64                            8.4.1-1.el8                         @BaseOS    
libstdc++-devel.x86_64                      8.4.1-1.el8                         @appstream 
libstemmer.x86_64                           0-10.585svn.el8                     @BaseOS    
libstoragemgmt.x86_64                       1.8.7-1.el8                         @BaseOS    
libsysfs.x86_64                             2.1.0-24.el8                        @anaconda  
libtalloc.x86_64                            2.3.1-2.el8                         @BaseOS    
libtasn1.x86_64                             4.13-3.el8                          @anaconda  
libtdb.x86_64                               1.4.3-1.el8                         @BaseOS    
libteam.x86_64                              1.31-2.el8                          @BaseOS    
libtevent.x86_64                            0.10.2-2.el8                        @BaseOS    
libthai.x86_64                              0.1.27-2.el8                        @appstream 
libtiff.x86_64                              4.0.9-18.el8                        @appstream 
libtirpc.x86_64                             1.1.4-4.el8                         @anaconda  
libtool.x86_64                              2.4.6-25.el8                        @appstream 
libtool-ltdl.x86_64                         2.4.6-25.el8                        @baseos    
libunistring.x86_64                         0.9.9-3.el8                         @anaconda  
libusbx.x86_64                              1.0.23-4.el8                        @BaseOS    
libuser.x86_64                              0.62-23.el8                         @anaconda  
libutempter.x86_64                          1.1.6-14.el8                        @anaconda  
libuuid.x86_64                              2.32.1-27.el8                       @BaseOS    
libverto.x86_64                             0.3.0-5.el8                         @anaconda  
libverto-libevent.x86_64                    0.3.0-5.el8                         @anaconda  
libwbclient.x86_64                          4.13.3-5.el8_4                      @BaseOS    
libwebp.x86_64                              1.0.0-3.el8_4                       @appstream 
libxcb.x86_64                               1.13.1-1.el8                        @AppStream 
libxcrypt.x86_64                            4.1.1-4.el8                         @anaconda  
libxcrypt-devel.x86_64                      4.1.1-4.el8                         @baseos    
libxkbcommon.x86_64                         0.9.1-1.el8                         @AppStream 
libxml2.x86_64                              2.9.7-9.el8_4.2                     @BaseOS    
libxslt.x86_64                              1.1.32-6.el8                        @BaseOS    
libyaml.x86_64                              0.1.7-5.el8                         @anaconda  
libzstd.x86_64                              1.4.4-1.el8                         @BaseOS    
linux-firmware.noarch                       20201218-102.git05789708.el8        @BaseOS    
lksctp-tools.x86_64                         1.0.18-3.el8                        @baseos    
lldpad.x86_64                               1.0.1-13.git036e314.el8             @anaconda  
lmdb-libs.x86_64                            0.9.24-1.el8                        @BaseOS    
logrotate.x86_64                            3.14.0-4.el8                        @BaseOS    
lshw.x86_64                                 B.02.19.2-5.el8                     @BaseOS    
lsof.x86_64                                 4.93.2-1.el8                        @BaseOS    
lsscsi.x86_64                               0.32-2.el8                          @BaseOS    
ltrace.x86_64                               0.7.91-28.el8                       @appstream 
lua.x86_64                                  5.3.4-11.el8                        @appstream 
lua-libs.x86_64                             5.3.4-11.el8                        @anaconda  
lvm2.x86_64                                 8:2.03.11-5.el8                     @BaseOS    
lvm2-libs.x86_64                            8:2.03.11-5.el8                     @BaseOS    
lz4-libs.x86_64                             1.8.3-3.el8_4                       @BaseOS    
lzo.x86_64                                  2.08-14.el8                         @anaconda  
m4.x86_64                                   1.4.18-7.el8                        @baseos    
mailcap.noarch                              2.1.48-3.el8                        @anaconda  
make.x86_64                                 1:4.2.1-10.el8                      @baseos    
man-db.x86_64                               2.7.6.1-17.el8                      @anaconda  
man-pages.x86_64                            4.15-6.el8                          @anaconda  
mc.x86_64                                   1:4.8.19-9.el8                      @AppStream 
mcelog.x86_64                               3:173-0.el8                         @BaseOS    
mcpp.x86_64                                 2.7.2-20.el8                        @appstream 
mdadm.x86_64                                4.1-16.el8_4                        @BaseOS    
memstrack.x86_64                            0.1.11-1.el8                        @BaseOS    
microcode_ctl.x86_64                        4:20210216-1.20210608.1.el8_4       @BaseOS    
mlocate.x86_64                              0.26-20.el8                         @anaconda  
mokutil.x86_64                              1:0.3.0-11.el8                      @baseos    
mozjs60.x86_64                              60.9.0-4.el8                        @anaconda  
mpfr.x86_64                                 3.1.6-1.el8                         @anaconda  
mtr.x86_64                                  2:0.92-3.el8                        @anaconda  
nano.x86_64                                 2.9.8-1.el8                         @anaconda  
ncurses.x86_64                              6.1-7.20180224.el8                  @anaconda  
ncurses-base.noarch                         6.1-7.20180224.el8                  @anaconda  
ncurses-c++-libs.x86_64                     6.1-7.20180224.el8                  @baseos    
ncurses-devel.x86_64                        6.1-7.20180224.el8                  @baseos    
ncurses-libs.x86_64                         6.1-7.20180224.el8                  @anaconda  
net-tools.x86_64                            2.0-0.52.20160912git.el8            @BaseOS    
nettle.x86_64                               3.4.1-4.el8_3                       @BaseOS    
newt.x86_64                                 0.52.20-11.el8                      @anaconda  
nfs-utils.x86_64                            1:2.3.3-41.el8_4.3                  @BaseOS    
nfs4-acl-tools.x86_64                       0.3.5-3.el8                         @anaconda  
nftables.x86_64                             1:0.9.3-18.el8                      @BaseOS    
nmap-ncat.x86_64                            2:7.70-5.el8                        @AppStream 
npth.x86_64                                 1.5-4.el8                           @anaconda  
nspr.x86_64                                 4.32.0-1.el8_4                      @appstream 
nss.x86_64                                  3.67.0-6.el8_4                      @appstream 
nss-softokn.x86_64                          3.67.0-6.el8_4                      @appstream 
nss-softokn-freebl.x86_64                   3.67.0-6.el8_4                      @appstream 
nss-sysinit.x86_64                          3.67.0-6.el8_4                      @appstream 
nss-tools.x86_64                            3.67.0-6.el8_4                      @appstream 
nss-util.x86_64                             3.67.0-6.el8_4                      @appstream 
numactl-libs.x86_64                         2.0.12-11.el8                       @BaseOS    
ocaml-srpm-macros.noarch                    5-4.el8                             @appstream 
openblas-srpm-macros.noarch                 2-2.el8                             @appstream 
openjpeg2.x86_64                            2.3.1-6.el8                         @appstream 
openldap.x86_64                             2.4.46-17.el8_4                     @BaseOS    
openldap-clients.x86_64                     2.4.46-17.el8_4                     @BaseOS    
openssh.x86_64                              8.0p1-6.el8_4.2                     @BaseOS    
openssh-clients.x86_64                      8.0p1-6.el8_4.2                     @BaseOS    
openssh-server.x86_64                       8.0p1-6.el8_4.2                     @BaseOS    
openssl.x86_64                              1:1.1.1g-15.el8_3                   @BaseOS    
openssl-libs.x86_64                         1:1.1.1g-15.el8_3                   @BaseOS    
openssl-pkcs11.x86_64                       0.4.10-2.el8                        @anaconda  
os-prober.x86_64                            1.74-6.el8                          @anaconda  
p11-kit.x86_64                              0.23.22-1.el8                       @BaseOS    
p11-kit-trust.x86_64                        0.23.22-1.el8                       @BaseOS    
pam.x86_64                                  1.3.1-14.el8                        @BaseOS    
pango.x86_64                                1.42.4-6.el8                        @appstream 
parted.x86_64                               3.2-38.el8                          @anaconda  
passwd.x86_64                               0.80-3.el8                          @anaconda  
patch.x86_64                                2.7.6-11.el8                        @baseos    
patchutils.x86_64                           0.3.4-10.el8                        @appstream 
pciutils.x86_64                             3.7.0-1.el8                         @BaseOS    
pciutils-libs.x86_64                        3.7.0-1.el8                         @BaseOS    
pcre.x86_64                                 8.42-4.el8                          @anaconda  
pcre2.x86_64                                10.32-2.el8                         @BaseOS    
perf.x86_64                                 4.18.0-305.25.1.el8_4               @BaseOS    
perl-Carp.noarch                            1.42-396.el8                        @anaconda  
perl-DBD-SQLite.x86_64                      1.58-2.module_el8.1.0+207+bdacd7b7  @AppStream 
perl-DBI.x86_64                             1.641-3.module_el8.1.0+199+8f0a6bbd @AppStream 
perl-Data-Dumper.x86_64                     2.167-399.el8                       @anaconda  
perl-Encode.x86_64                          4:2.97-3.el8                        @anaconda  
perl-Errno.x86_64                           1.28-419.el8_4.1                    @BaseOS    
perl-Error.noarch                           1:0.17025-2.el8                     @appstream 
perl-Exporter.noarch                        5.72-396.el8                        @anaconda  
perl-Fedora-VSP.noarch                      0.001-9.el8                         @appstream 
perl-File-Path.noarch                       2.15-2.el8                          @anaconda  
perl-File-Temp.noarch                       0.230.600-1.el8                     @anaconda  
perl-Getopt-Long.noarch                     1:2.50-4.el8                        @anaconda  
perl-Git.noarch                             2.27.0-1.el8                        @appstream 
perl-HTTP-Tiny.noarch                       0.074-1.el8                         @anaconda  
perl-IO.x86_64                              1.38-419.el8_4.1                    @BaseOS    
perl-MIME-Base64.x86_64                     3.15-396.el8                        @anaconda  
perl-Math-BigInt.noarch                     1:1.9998.11-7.el8                   @anaconda  
perl-Math-Complex.noarch                    1.59-419.el8_4.1                    @BaseOS    
perl-PathTools.x86_64                       3.74-1.el8                          @anaconda  
perl-Pod-Escapes.noarch                     1:1.07-395.el8                      @anaconda  
perl-Pod-Perldoc.noarch                     3.28-396.el8                        @anaconda  
perl-Pod-Simple.noarch                      1:3.35-395.el8                      @anaconda  
perl-Pod-Usage.noarch                       4:1.69-395.el8                      @anaconda  
perl-Scalar-List-Utils.x86_64               3:1.49-2.el8                        @anaconda  
perl-Socket.x86_64                          4:2.027-3.el8                       @anaconda  
perl-Storable.x86_64                        1:3.11-3.el8                        @anaconda  
perl-Sys-Syslog.x86_64                      0.35-397.el8                        @appstream 
perl-Term-ANSIColor.noarch                  4.06-396.el8                        @anaconda  
perl-Term-Cap.noarch                        1.17-395.el8                        @anaconda  
perl-TermReadKey.x86_64                     2.37-7.el8                          @appstream 
perl-Text-ParseWords.noarch                 3.30-395.el8                        @anaconda  
perl-Text-Tabs+Wrap.noarch                  2013.0523-395.el8                   @anaconda  
perl-Thread-Queue.noarch                    3.13-1.el8                          @appstream 
perl-Time-Local.noarch                      1:1.280-1.el8                       @anaconda  
perl-Unicode-Normalize.x86_64               1.25-396.el8                        @anaconda  
perl-XML-Parser.x86_64                      2.44-11.el8                         @appstream 
perl-constant.noarch                        1.33-396.el8                        @anaconda  
perl-generators.noarch                      1.10-9.el8                          @appstream 
perl-interpreter.x86_64                     4:5.26.3-419.el8_4.1                @BaseOS    
perl-libs.x86_64                            4:5.26.3-419.el8_4.1                @BaseOS    
perl-macros.x86_64                          4:5.26.3-419.el8_4.1                @BaseOS    
perl-parent.noarch                          1:0.237-1.el8                       @anaconda  
perl-podlators.noarch                       4.11-1.el8                          @anaconda  
perl-srpm-macros.noarch                     1-25.el8                            @appstream 
perl-threads.x86_64                         1:2.21-2.el8                        @anaconda  
perl-threads-shared.x86_64                  1.58-2.el8                          @anaconda  
pesign.x86_64                               0.112-25.el8                        @appstream 
pigz.x86_64                                 2.4-4.el8                           @anaconda  
pinentry.x86_64                             1.1.0-2.el8                         @AppStream 
pixman.x86_64                               0.38.4-1.el8                        @AppStream 
pkgconf.x86_64                              1.4.2-1.el8                         @anaconda  
pkgconf-m4.noarch                           1.4.2-1.el8                         @anaconda  
pkgconf-pkg-config.x86_64                   1.4.2-1.el8                         @anaconda  
platform-python.x86_64                      3.6.8-39.el8_4                      @BaseOS    
platform-python-pip.noarch                  9.0.3-19.el8                        @BaseOS    
platform-python-setuptools.noarch           39.2.0-6.el8                        @BaseOS    
policycoreutils.x86_64                      2.9-14.el8                          @BaseOS    
policycoreutils-python-utils.noarch         2.9-14.el8                          @BaseOS    
polkit.x86_64                               0.115-11.el8_4.1                    @BaseOS    
polkit-libs.x86_64                          0.115-11.el8_4.1                    @BaseOS    
polkit-pkla-compat.x86_64                   0.1-12.el8                          @anaconda  
popt.x86_64                                 1.18-1.el8                          @BaseOS    
prefixdevname.x86_64                        0.1.0-6.el8                         @anaconda  
procps-ng.x86_64                            3.3.15-6.el8                        @BaseOS    
protobuf-c.x86_64                           1.3.0-6.el8                         @AppStream 
psacct.x86_64                               6.6.3-4.el8                         @anaconda  
psmisc.x86_64                               23.1-5.el8                          @BaseOS    
publicsuffix-list-dafsa.noarch              20180723-1.el8                      @anaconda  
python-rpm-macros.noarch                    3-41.el8                            @appstream 
python-srpm-macros.noarch                   3-41.el8                            @appstream 
python3-audit.x86_64                        3.0-0.17.20191104git1c2f876.el8     @BaseOS    
python3-bind.noarch                         32:9.11.26-4.el8_4                  @AppStream 
python3-cairo.x86_64                        1.16.3-6.el8                        @AppStream 
python3-configobj.noarch                    5.0.6-11.el8                        @anaconda  
python3-dateutil.noarch                     1:2.6.1-6.el8                       @anaconda  
python3-dbus.x86_64                         1.2.4-15.el8                        @anaconda  
python3-decorator.noarch                    4.2.1-2.el8                         @anaconda  
python3-dmidecode.x86_64                    3.12.2-15.el8                       @anaconda  
python3-dnf.noarch                          4.4.2-11.el8                        @BaseOS    
python3-dnf-plugins-core.noarch             4.0.18-4.el8                        @BaseOS    
python3-firewall.noarch                     0.8.2-7.el8_4                       @BaseOS    
python3-gobject.x86_64                      3.28.3-2.el8                        @AppStream 
python3-gobject-base.x86_64                 3.28.3-2.el8                        @BaseOS    
python3-gpg.x86_64                          1.13.1-7.el8                        @BaseOS    
python3-hawkey.x86_64                       0.55.0-7.el8                        @BaseOS    
python3-html5lib.noarch                     1:0.999999999-6.el8                 @AppStream 
python3-libcomps.x86_64                     0.1.11-5.el8                        @BaseOS    
python3-libdnf.x86_64                       0.55.0-7.el8                        @BaseOS    
python3-libs.x86_64                         3.6.8-39.el8_4                      @BaseOS    
python3-libselinux.x86_64                   2.9-5.el8                           @BaseOS    
python3-libsemanage.x86_64                  2.9-6.el8                           @BaseOS    
python3-libstoragemgmt.noarch               1.8.7-1.el8                         @BaseOS    
python3-libstoragemgmt-clibs.x86_64         1.8.7-1.el8                         @BaseOS    
python3-libxml2.x86_64                      2.9.7-9.el8_4.2                     @BaseOS    
python3-linux-procfs.noarch                 0.6.3-1.el8                         @BaseOS    
python3-lxml.x86_64                         4.2.3-2.el8                         @AppStream 
python3-nftables.x86_64                     1:0.9.3-18.el8                      @BaseOS    
python3-perf.x86_64                         4.18.0-305.25.1.el8_4               @BaseOS    
python3-pexpect.noarch                      4.3.1-3.el8                         @AppStream 
python3-pip-wheel.noarch                    9.0.3-19.el8                        @BaseOS    
python3-ply.noarch                          3.9-9.el8                           @BaseOS    
python3-policycoreutils.noarch              2.9-14.el8                          @BaseOS    
python3-psutil.x86_64                       5.4.3-10.el8                        @AppStream 
python3-ptyprocess.noarch                   0.5.2-4.el8                         @AppStream 
python3-pydbus.noarch                       0.6.0-5.el8                         @AppStream 
python3-pyudev.noarch                       0.21.0-7.el8                        @anaconda  
python3-pyyaml.x86_64                       3.12-12.el8                         @anaconda  
python3-rpm.x86_64                          4.14.3-14.el8_4                     @BaseOS    
python3-rpm-macros.noarch                   3-41.el8                            @appstream 
python3-schedutils.x86_64                   0.6-6.el8                           @anaconda  
python3-setools.x86_64                      4.3.0-2.el8                         @BaseOS    
python3-setuptools.noarch                   39.2.0-6.el8                        @BaseOS    
python3-setuptools-wheel.noarch             39.2.0-6.el8                        @BaseOS    
python3-six.noarch                          1.11.0-8.el8                        @anaconda  
python3-slip.noarch                         0.6.4-11.el8                        @anaconda  
python3-slip-dbus.noarch                    0.6.4-11.el8                        @anaconda  
python3-sssdconfig.noarch                   2.4.0-9.el8_4.2                     @BaseOS    
python3-syspurpose.x86_64                   1.28.13-4.el8_4                     @BaseOS    
python3-systemd.x86_64                      234-8.el8                           @AppStream 
python3-tracer.noarch                       0.7.5-2.el8                         @AppStream 
python3-unbound.x86_64                      1.7.3-15.el8                        @AppStream 
python3-webencodings.noarch                 0.5.1-6.el8                         @AppStream 
qt5-srpm-macros.noarch                      5.12.5-3.el8                        @appstream 
quota.x86_64                                1:4.04-12.el8                       @BaseOS    
quota-nls.noarch                            1:4.04-12.el8                       @BaseOS    
rasdaemon.x86_64                            0.6.1-5.1.el8_4                     @BaseOS    
rdma-core.x86_64                            32.0-4.el8                          @BaseOS    
readline.x86_64                             7.0-10.el8                          @anaconda  
realmd.x86_64                               0.16.3-22.el8                       @BaseOS    
redhat-rpm-config.noarch                    125-1.el8                           @appstream 
rng-tools.x86_64                            6.8-4.el8_4                         @BaseOS    
rootfiles.noarch                            8.1-22.el8                          @anaconda  
rpcbind.x86_64                              1.2.5-8.el8                         @BaseOS    
rpm.x86_64                                  4.14.3-14.el8_4                     @BaseOS    
rpm-build.x86_64                            4.14.3-14.el8_4                     @appstream 
rpm-build-libs.x86_64                       4.14.3-14.el8_4                     @BaseOS    
rpm-libs.x86_64                             4.14.3-14.el8_4                     @BaseOS    
rpm-plugin-selinux.x86_64                   4.14.3-14.el8_4                     @BaseOS    
rpm-plugin-systemd-inhibit.x86_64           4.14.3-14.el8_4                     @BaseOS    
rpm-sign.x86_64                             4.14.3-14.el8_4                     @baseos    
rsync.x86_64                                3.1.3-12.el8                        @BaseOS    
rust-srpm-macros.noarch                     5-2.el8                             @appstream 
samba.x86_64                                4.13.3-5.el8_4                      @BaseOS    
samba-client.x86_64                         4.13.3-5.el8_4                      @BaseOS    
samba-client-libs.x86_64                    4.13.3-5.el8_4                      @BaseOS    
samba-common.noarch                         4.13.3-5.el8_4                      @BaseOS    
samba-common-libs.x86_64                    4.13.3-5.el8_4                      @BaseOS    
samba-common-tools.x86_64                   4.13.3-5.el8_4                      @BaseOS    
samba-libs.x86_64                           4.13.3-5.el8_4                      @BaseOS    
sed.x86_64                                  4.5-2.el8                           @BaseOS    
selinux-policy.noarch                       3.14.3-67.el8_4.2                   @BaseOS    
selinux-policy-targeted.noarch              3.14.3-67.el8_4.2                   @BaseOS    
setroubleshoot-plugins.noarch               3.3.13-1.el8                        @AppStream 
setroubleshoot-server.x86_64                3.3.24-3.el8                        @AppStream 
setserial.x86_64                            2.17-45.el8                         @anaconda  
setup.noarch                                2.12.2-6.el8                        @BaseOS    
sg3_utils.x86_64                            1.44-5.el8                          @anaconda  
sg3_utils-libs.x86_64                       1.44-5.el8                          @anaconda  
sgml-common.noarch                          0.6.3-50.el8                        @baseos    
shadow-utils.x86_64                         2:4.6-12.el8                        @BaseOS    
shared-mime-info.x86_64                     1.9-3.el8                           @anaconda  
slang.x86_64                                2.3.2-3.el8                         @anaconda  
smartmontools.x86_64                        1:7.1-1.el8                         @BaseOS    
snappy.x86_64                               1.1.8-3.el8                         @BaseOS    
sos.noarch                                  4.0-12.el8_4                        @BaseOS    
source-highlight.x86_64                     3.1.8-17.el8                        @appstream 
sqlite.x86_64                               3.26.0-13.el8                       @BaseOS    
sqlite-libs.x86_64                          3.26.0-13.el8                       @BaseOS    
squashfs-tools.x86_64                       4.3-20.el8                          @BaseOS    
sscg.x86_64                                 2.3.3-14.el8                        @AppStream 
sssd.x86_64                                 2.4.0-9.el8_4.2                     @BaseOS    
sssd-ad.x86_64                              2.4.0-9.el8_4.2                     @BaseOS    
sssd-client.x86_64                          2.4.0-9.el8_4.2                     @BaseOS    
sssd-common.x86_64                          2.4.0-9.el8_4.2                     @BaseOS    
sssd-common-pac.x86_64                      2.4.0-9.el8_4.2                     @BaseOS    
sssd-ipa.x86_64                             2.4.0-9.el8_4.2                     @BaseOS    
sssd-kcm.x86_64                             2.4.0-9.el8_4.2                     @BaseOS    
sssd-krb5.x86_64                            2.4.0-9.el8_4.2                     @BaseOS    
sssd-krb5-common.x86_64                     2.4.0-9.el8_4.2                     @BaseOS    
sssd-ldap.x86_64                            2.4.0-9.el8_4.2                     @BaseOS    
sssd-nfs-idmap.x86_64                       2.4.0-9.el8_4.2                     @BaseOS    
sssd-proxy.x86_64                           2.4.0-9.el8_4.2                     @BaseOS    
strace.x86_64                               5.7-2.1.el8_4                       @BaseOS    
sudo.x86_64                                 1.8.29-7.el8_4.1                    @BaseOS    
symlinks.x86_64                             1.4-19.el8                          @anaconda  
systemd.x86_64                              239-45.el8_4.3                      @BaseOS    
systemd-libs.x86_64                         239-45.el8_4.3                      @BaseOS    
systemd-pam.x86_64                          239-45.el8_4.3                      @BaseOS    
systemd-udev.x86_64                         239-45.el8_4.3                      @BaseOS    
systemtap.x86_64                            4.4-11.el8_4                        @appstream 
systemtap-client.x86_64                     4.4-11.el8_4                        @appstream 
systemtap-devel.x86_64                      4.4-11.el8_4                        @appstream 
systemtap-runtime.x86_64                    4.4-11.el8_4                        @appstream 
tar.x86_64                                  2:1.30-5.el8                        @BaseOS    
tbb.x86_64                                  2018.2-9.el8                        @appstream 
teamd.x86_64                                1.31-2.el8                          @BaseOS    
time.x86_64                                 1.9-3.el8                           @anaconda  
timedatex.x86_64                            0.5-3.el8                           @anaconda  
tmux.x86_64                                 2.7-1.el8                           @anaconda  
tpm2-tss.x86_64                             2.3.2-3.el8                         @BaseOS    
tracer-common.noarch                        0.7.5-2.el8                         @AppStream 
tree.x86_64                                 1.7.0-15.el8                        @anaconda  
trousers.x86_64                             0.3.15-1.el8                        @BaseOS    
trousers-lib.x86_64                         0.3.15-1.el8                        @BaseOS    
tuned.noarch                                2.15.0-2.el8_4.1                    @BaseOS    
tzdata.noarch                               2021e-1.el8                         @BaseOS    
tzdata-java.noarch                          2021e-1.el8                         @appstream 
unbound-libs.x86_64                         1.7.3-15.el8                        @AppStream 
unzip.x86_64                                6.0-45.el8_4                        @BaseOS    
urw-base35-bookman-fonts.noarch             20170801-10.el8                     @appstream 
urw-base35-c059-fonts.noarch                20170801-10.el8                     @appstream 
urw-base35-d050000l-fonts.noarch            20170801-10.el8                     @appstream 
urw-base35-fonts.noarch                     20170801-10.el8                     @appstream 
urw-base35-fonts-common.noarch              20170801-10.el8                     @appstream 
urw-base35-gothic-fonts.noarch              20170801-10.el8                     @appstream 
urw-base35-nimbus-mono-ps-fonts.noarch      20170801-10.el8                     @appstream 
urw-base35-nimbus-roman-fonts.noarch        20170801-10.el8                     @appstream 
urw-base35-nimbus-sans-fonts.noarch         20170801-10.el8                     @appstream 
urw-base35-p052-fonts.noarch                20170801-10.el8                     @appstream 
urw-base35-standard-symbols-ps-fonts.noarch 20170801-10.el8                     @appstream 
urw-base35-z003-fonts.noarch                20170801-10.el8                     @appstream 
usb_modeswitch.x86_64                       2.5.2-1.el8                         @anaconda  
usb_modeswitch-data.noarch                  20191128-1.el8                      @anaconda  
usbutils.x86_64                             010-3.el8                           @anaconda  
userspace-rcu.x86_64                        0.10.1-4.el8                        @BaseOS    
util-linux.x86_64                           2.32.1-27.el8                       @BaseOS    
util-linux-user.x86_64                      2.32.1-27.el8                       @BaseOS    
valgrind.x86_64                             1:3.16.0-4.el8                      @appstream 
valgrind-devel.x86_64                       1:3.16.0-4.el8                      @appstream 
vdo.x86_64                                  6.2.4.14-14.el8                     @BaseOS    
vim-filesystem.noarch                       2:8.0.1763-15.el8                   @appstream 
vim-minimal.x86_64                          2:8.0.1763-15.el8                   @BaseOS    
virt-what.x86_64                            1.18-9.el8_4                        @BaseOS    
which.x86_64                                2.21-12.el8                         @anaconda  
words.noarch                                3.0-28.el8                          @anaconda  
xdelta.x86_64                               3.1.0-4.el8                         @anaconda  
xfsdump.x86_64                              3.1.8-2.el8                         @anaconda  
xfsprogs.x86_64                             5.0.0-8.el8                         @BaseOS    
xkeyboard-config.noarch                     2.28-1.el8                          @AppStream 
xml-common.noarch                           0.6.3-50.el8                        @baseos    
xorg-x11-font-utils.x86_64                  1:7.5-40.el8                        @appstream 
xorg-x11-fonts-ISO8859-1-100dpi.noarch      7.5-19.el8                          @appstream 
xorg-x11-server-utils.x86_64                7.7-27.el8                          @appstream 
xz.x86_64                                   5.2.4-3.el8                         @anaconda  
xz-libs.x86_64                              5.2.4-3.el8                         @anaconda  
yum.noarch                                  4.4.2-11.el8                        @BaseOS    
zip.x86_64                                  3.0-23.el8                          @anaconda  
zlib.x86_64                                 1.2.11-17.el8                       @BaseOS    
zlib-devel.x86_64                           1.2.11-17.el8                       @baseos    
zsh.x86_64                                  5.5.1-6.el8_1.2                     @anaconda  
zstd.x86_64                                 1.4.4-1.el8                         @appstream 
