ModemManager-0:1.10.8-2.el8.x86_64
NetworkManager-1:1.30.0-13.el8_4.x86_64
NetworkManager-adsl-1:1.30.0-13.el8_4.x86_64
NetworkManager-libnm-1:1.30.0-13.el8_4.x86_64
NetworkManager-team-1:1.30.0-13.el8_4.x86_64
NetworkManager-tui-1:1.30.0-13.el8_4.x86_64
PackageKit-0:1.1.12-6.el8.x86_64
PackageKit-glib-0:1.1.12-6.el8.x86_64
annobin-0:9.50-1.el8.x86_64
autofs-1:5.1.4-48.el8_4.1.x86_64
binutils-0:2.30-93.el8.x86_64
bolt-0:0.9.1-1.el8.x86_64
boost-atomic-0:1.66.0-10.el8.x86_64
boost-chrono-0:1.66.0-10.el8.x86_64
boost-container-0:1.66.0-10.el8.x86_64
boost-context-0:1.66.0-10.el8.x86_64
boost-coroutine-0:1.66.0-10.el8.x86_64
boost-date-time-0:1.66.0-10.el8.x86_64
boost-fiber-0:1.66.0-10.el8.x86_64
boost-filesystem-0:1.66.0-10.el8.x86_64
boost-graph-0:1.66.0-10.el8.x86_64
boost-iostreams-0:1.66.0-10.el8.x86_64
boost-locale-0:1.66.0-10.el8.x86_64
boost-log-0:1.66.0-10.el8.x86_64
boost-math-0:1.66.0-10.el8.x86_64
boost-program-options-0:1.66.0-10.el8.x86_64
boost-random-0:1.66.0-10.el8.x86_64
boost-regex-0:1.66.0-10.el8.x86_64
boost-serialization-0:1.66.0-10.el8.x86_64
boost-signals-0:1.66.0-10.el8.x86_64
boost-stacktrace-0:1.66.0-10.el8.x86_64
boost-system-0:1.66.0-10.el8.x86_64
boost-test-0:1.66.0-10.el8.x86_64
boost-thread-0:1.66.0-10.el8.x86_64
boost-timer-0:1.66.0-10.el8.x86_64
boost-type_erasure-0:1.66.0-10.el8.x86_64
boost-wave-0:1.66.0-10.el8.x86_64
cockpit-bridge-0:238.2-1.el8.x86_64
cockpit-ws-0:238.2-1.el8.x86_64
createrepo_c-0:0.16.2-2.el8.x86_64
createrepo_c-libs-0:0.16.2-2.el8.x86_64
cups-libs-1:2.2.6-38.el8.x86_64
device-mapper-event-8:1.02.175-5.el8.x86_64
device-mapper-multipath-0:0.8.4-10.el8.x86_64
device-mapper-multipath-libs-0:0.8.4-10.el8.x86_64
device-mapper-persistent-data-0:0.8.5-4.el8.x86_64
dracut-0:049-135.git20210121.el8.x86_64
dyninst-0:10.2.1-2.el8.x86_64
gc-0:7.6.4-3.el8.x86_64
gcc-0:8.4.1-1.el8.x86_64
gcc-gdb-plugin-0:8.4.1-1.el8.x86_64
gdb-headless-0:8.2-15.el8.x86_64
gettext-0:0.19.8.1-17.el8.x86_64
gettext-libs-0:0.19.8.1-17.el8.x86_64
glib2-0:2.56.4-10.el8_4.1.x86_64
glibc-devel-0:2.28-151.el8.x86_64
glusterfs-0:6.0-49.1.el8.x86_64
graphite2-0:1.3.10-10.el8.x86_64
graphviz-0:2.40.1-40.el8.x86_64
groff-base-0:1.22.3-18.el8.x86_64
iptstate-0:2.2.6-6.el8.x86_64
iscsi-initiator-utils-iscsiuio-0:6.2.1.2-1.gita8fcb37.el8.x86_64
java-1.8.0-openjdk-headless-1:1.8.0.312.b07-1.el8_4.x86_64
kexec-tools-0:2.0.20-46.el8_4.2.x86_64
kmod-0:25-17.el8.x86_64
kmod-libs-0:25-17.el8.x86_64
libappstream-glib-0:0.7.14-3.el8.x86_64
libconfig-0:1.5-9.el8.x86_64
libdnf-0:0.55.0-7.el8.x86_64
libicu-0:60.3-2.el8_1.x86_64
libicu-devel-0:60.3-2.el8_1.x86_64
libmodman-0:2.0.1-17.el8.x86_64
libmodulemd-0:2.9.4-2.el8.x86_64
libmodulemd1-0:1.8.16-0.2.9.4.2.x86_64
libnl3-0:3.5.0-1.el8.x86_64
libproxy-0:0.4.15-5.2.el8.x86_64
librepo-0:1.12.0-3.el8.x86_64
librsvg2-0:2.42.7-4.el8.x86_64
libstdc++-0:8.4.1-1.el8.x86_64
libstoragemgmt-0:1.8.7-1.el8.x86_64
libtiff-0:4.0.9-18.el8.x86_64
lshw-0:B.02.19.2-5.el8.x86_64
mozjs60-0:60.9.0-4.el8.x86_64
ncurses-c++-libs-0:6.1-7.20180224.el8.x86_64
pigz-0:2.4-4.el8.x86_64
polkit-0:0.115-11.el8_4.1.x86_64
prefixdevname-0:0.1.0-6.el8.x86_64
python3-hawkey-0:0.55.0-7.el8.x86_64
python3-libdnf-0:0.55.0-7.el8.x86_64
python3-systemd-0:234-8.el8.x86_64
sg3_utils-0:1.44-5.el8.x86_64
smartmontools-1:7.1-1.el8.x86_64
snappy-0:1.1.8-3.el8.x86_64
source-highlight-0:3.1.8-17.el8.x86_64
squashfs-tools-0:4.3-20.el8.x86_64
systemd-0:239-45.el8_4.3.x86_64
systemd-libs-0:239-45.el8_4.3.x86_64
systemd-pam-0:239-45.el8_4.3.x86_64
systemd-udev-0:239-45.el8_4.3.x86_64
systemtap-client-0:4.4-11.el8_4.x86_64
systemtap-devel-0:4.4-11.el8_4.x86_64
systemtap-runtime-0:4.4-11.el8_4.x86_64
tbb-0:2018.2-9.el8.x86_64
valgrind-1:3.16.0-4.el8.x86_64
xfsdump-0:3.1.8-2.el8.x86_64
zstd-0:1.4.4-1.el8.x86_64
